TN:
SF:/Users/jamie/Desktop/fac/workshops/w7/kgbj-week-7/src/database/db_build.js
FN:7,(anonymous_0)
FNF:1
FNH:0
FNDA:0,(anonymous_0)
DA:1,1
DA:3,1
DA:5,0
DA:7,0
DA:9,0
LF:5
LH:2
BRF:0
BRH:0
end_of_record
TN:
SF:/Users/jamie/Desktop/fac/workshops/w7/kgbj-week-7/src/database/db_connection.js
FNF:0
FNH:0
DA:1,1
DA:2,1
DA:3,1
DA:5,1
DA:7,1
DA:8,1
DA:11,1
DA:12,1
DA:14,0
DA:15,0
DA:17,0
DA:27,0
LF:12
LH:8
BRDA:7,0,0,1
BRDA:7,0,1,0
BRDA:11,1,0,1
BRDA:11,1,1,0
BRDA:21,2,0,0
BRDA:21,2,1,0
BRF:6
BRH:2
end_of_record
TN:
SF:/Users/jamie/Desktop/fac/workshops/w7/kgbj-week-7/tests/app.tests.js
FN:6,(anonymous_0)
FNF:1
FNH:0
FNDA:0,(anonymous_0)
DA:1,1
DA:2,1
DA:3,0
DA:4,0
DA:6,0
DA:7,0
DA:8,0
LF:7
LH:2
BRF:0
BRH:0
end_of_record
